<?xml version="1.0" encoding="UTF-8"?>
<!-- Generated by org.testng.reporters.JUnitXMLReporter -->
<testsuite ignored="0" hostname="DESKTOP-CS36N4C" failures="0" tests="5" name="Chrome test" time="21.639" errors="0" timestamp="2026-05-05T16:38:01 IST">
  <testcase classname="Mar12.Using_DataProvider" name="admin_login" time="5.638"/>
  <testcase classname="Mar12.Using_DataProvider" name="admin_login" time="3.519"/>
  <testcase classname="Mar12.Using_DataProvider" name="admin_login" time="3.8"/>
  <testcase classname="Mar12.Using_DataProvider" name="admin_login" time="3.675"/>
  <testcase classname="Mar12.Using_DataProvider" name="admin_login" time="3.378"/>
</testsuite> <!-- Chrome test -->
