<?xml version="1.0" encoding="UTF-8"?>
<!-- Generated by org.testng.reporters.JUnitXMLReporter -->
<testsuite ignored="0" hostname="DESKTOP-CS36N4C" failures="0" tests="5" name="Firefox test" time="25.698" errors="0" timestamp="2026-05-05T16:38:27 IST">
  <testcase classname="Mar12.Using_DataProvider" name="admin_login" time="5.71"/>
  <testcase classname="Mar12.Using_DataProvider" name="admin_login" time="3.635"/>
  <testcase classname="Mar12.Using_DataProvider" name="admin_login" time="3.949"/>
  <testcase classname="Mar12.Using_DataProvider" name="admin_login" time="3.528"/>
  <testcase classname="Mar12.Using_DataProvider" name="admin_login" time="3.414"/>
</testsuite> <!-- Firefox test -->
