<?xml version="1.0" encoding="UTF-8"?>
<!-- Generated by org.testng.reporters.JUnitXMLReporter -->
<testsuite ignored="0" hostname="DESKTOP-CS36N4C" failures="0" tests="5" name="microsoftedge test" time="21.049" errors="0" timestamp="2026-05-05T16:38:48 IST">
  <testcase classname="Mar12.Using_DataProvider" name="admin_login" time="5.286"/>
  <testcase classname="Mar12.Using_DataProvider" name="admin_login" time="3.563"/>
  <testcase classname="Mar12.Using_DataProvider" name="admin_login" time="3.768"/>
  <testcase classname="Mar12.Using_DataProvider" name="admin_login" time="3.386"/>
  <testcase classname="Mar12.Using_DataProvider" name="admin_login" time="3.392"/>
</testsuite> <!-- microsoftedge test -->
