<?xml version="1.0" encoding="UTF-8"?>
<!-- Generated by org.testng.reporters.JUnitXMLReporter -->
<testsuite ignored="1" hostname="DESKTOP-CS36N4C" failures="0" tests="9" name="test report" time="19.711" errors="0" timestamp="2026-05-04T05:11:53 IST">
  <testcase classname="Mar10.FirstTestNgclass" name="admin" time="0.943"/>
  <testcase classname="Mar10.FirstTestNgclass" name="leave" time="0.485"/>
  <testcase classname="Mar10.FirstTestNgclass" name="pim" time="0.52"/>
  <testcase classname="Mar10.Second_TestNgclass" name="substraction" time="0.317"/>
  <testcase classname="Mar10.Second_TestNgclass" name="substraction" time="0.262"/>
  <testcase classname="Mar10.Second_TestNgclass" name="substraction" time="0.304"/>
  <testcase classname="Mar10.Second_TestNgclass" name="substraction" time="0.429"/>
  <testcase classname="Mar10.Second_TestNgclass" name="substraction" time="0.325"/>
  <testcase classname="Mar10.Second_TestNgclass" name="addition" time="0.301"/>
  <testcase classname="Mar10.Second_TestNgclass" name="division" time="0.0">
    <ignored/>
  </testcase> <!-- division -->
</testsuite> <!-- test report -->
