<?xml version="1.0" encoding="UTF-8"?>
<testng-results ignored="0" total="1" passed="1" failed="0" skipped="0">
  <reporter-output>
  </reporter-output>
  <suite started-at="2026-05-06T21:59:07 IST" name="Default suite" finished-at="2026-05-06T21:59:23 IST" duration-ms="15682">
    <groups>
    </groups>
    <test started-at="2026-05-06T21:59:07 IST" name="Default test" finished-at="2026-05-06T21:59:23 IST" duration-ms="15682">
      <class name="Mar12.Register_test">
        <test-method signature="startTest()[pri:0, instance:Mar12.Register_test@2a3b5b47]" started-at="2026-05-06T21:59:07 IST" name="startTest" finished-at="2026-05-06T21:59:23 IST" duration-ms="15642" status="PASS">
          <reporter-output>
          </reporter-output>
        </test-method> <!-- startTest -->
      </class> <!-- Mar12.Register_test -->
    </test> <!-- Default test -->
  </suite> <!-- Default suite -->
</testng-results>
