<?xml version="1.0" encoding="UTF-8"?>
<!-- Generated by org.testng.reporters.JUnitReportReporter -->
<testsuite hostname="DESKTOP-CS36N4C" failures="0" tests="7" name="Mar10.Second_TestNgclass" time="17.665" errors="0" timestamp="2026-05-04T16:15:43 IST" skipped="1">
  <testcase classname="Mar10.Second_TestNgclass" name="substraction" time="3.104">
    <system-out>
      <![CDATA[37949]]>
    </system-out>
  </testcase> <!-- substraction -->
  <testcase classname="Mar10.Second_TestNgclass" name="substraction" time="3.276">
    <system-out>
      <![CDATA[37949]]>
    </system-out>
  </testcase> <!-- substraction -->
  <testcase classname="Mar10.Second_TestNgclass" name="substraction" time="2.974">
    <system-out>
      <![CDATA[37949]]>
    </system-out>
  </testcase> <!-- substraction -->
  <testcase classname="Mar10.Second_TestNgclass" name="substraction" time="3.108">
    <system-out>
      <![CDATA[37949]]>
    </system-out>
  </testcase> <!-- substraction -->
  <testcase classname="Mar10.Second_TestNgclass" name="substraction" time="2.438">
    <system-out>
      <![CDATA[37949]]>
    </system-out>
  </testcase> <!-- substraction -->
  <testcase classname="Mar10.Second_TestNgclass" name="addition" time="2.765">
    <system-out>
      <![CDATA[53319]]>
    </system-out>
  </testcase> <!-- addition -->
  <testcase classname="Mar10.Second_TestNgclass" name="division">
    <skipped/>
  </testcase> <!-- division -->
  <system-out>
    <![CDATA[Running in beforetest
Executing admin test
Executing leave test
Executing pim test
Running in After Test
Running in before method
37949
Running in After Test
Running in before method
37949
Running in After Test
Running in before method
37949
Running in After Test
Running in before method
37949
Running in After Test
Running in before method
37949
Running in After Test
Running in before method
53319
Running in After Test]]>
  </system-out>
</testsuite> <!-- Mar10.Second_TestNgclass -->
