<?xml version="1.0" encoding="UTF-8"?>
<!-- Generated by org.testng.reporters.JUnitReportReporter -->
<testsuite hostname="DESKTOP-CS36N4C" failures="0" tests="3" name="Mar10.FirstTestNgclass" time="3.590" errors="0" timestamp="2026-05-04T16:15:43 IST" skipped="0">
  <testcase classname="Mar10.FirstTestNgclass" name="pim" time="1.139">
    <system-out>
      <![CDATA[Executing pim test]]>
    </system-out>
  </testcase> <!-- pim -->
  <testcase classname="Mar10.FirstTestNgclass" name="admin" time="1.701">
    <system-out>
      <![CDATA[Executing admin test]]>
    </system-out>
  </testcase> <!-- admin -->
  <testcase classname="Mar10.FirstTestNgclass" name="leave" time="0.750">
    <system-out>
      <![CDATA[Executing leave test]]>
    </system-out>
  </testcase> <!-- leave -->
  <system-out>
    <![CDATA[Running in beforetest
Executing admin test
Executing leave test
Executing pim test
Running in After Test
Running in before method
37949
Running in After Test
Running in before method
37949
Running in After Test
Running in before method
37949
Running in After Test
Running in before method
37949
Running in After Test
Running in before method
37949
Running in After Test
Running in before method
53319
Running in After Test]]>
  </system-out>
</testsuite> <!-- Mar10.FirstTestNgclass -->
