<?xml version="1.0" encoding="UTF-8"?>
<!-- Generated by org.testng.reporters.JUnitReportReporter -->
<testsuite hostname="DESKTOP-CS36N4C" failures="0" tests="15" name="Mar12.Using_DataProvider" time="59.641" errors="0" timestamp="2026-05-05T16:38:48 IST" skipped="0">
  <testcase classname="Mar12.Using_DataProvider" name="admin_login" time="3.392">
    <system-out>
      <![CDATA[Invalid credentialsdashboard   http://orangehrm.qedgetech.com/symfony/web/index.php/auth/login]]>
    </system-out>
  </testcase> <!-- admin_login -->
  <testcase classname="Mar12.Using_DataProvider" name="admin_login" time="3.768">
    <system-out>
      <![CDATA[Invalid credentialsdashboard   http://orangehrm.qedgetech.com/symfony/web/index.php/auth/validateCredentials]]>
    </system-out>
  </testcase> <!-- admin_login -->
  <testcase classname="Mar12.Using_DataProvider" name="admin_login" time="3.528">
    <system-out>
      <![CDATA[Invalid credentialsdashboard   http://orangehrm.qedgetech.com/symfony/web/index.php/auth/login]]>
    </system-out>
  </testcase> <!-- admin_login -->
  <testcase classname="Mar12.Using_DataProvider" name="admin_login" time="3.378">
    <system-out>
      <![CDATA[Invalid credentialsdashboard   http://orangehrm.qedgetech.com/symfony/web/index.php/auth/login]]>
    </system-out>
  </testcase> <!-- admin_login -->
  <testcase classname="Mar12.Using_DataProvider" name="admin_login" time="3.675">
    <system-out>
      <![CDATA[Invalid credentialsdashboard   http://orangehrm.qedgetech.com/symfony/web/index.php/auth/login]]>
    </system-out>
  </testcase> <!-- admin_login -->
  <testcase classname="Mar12.Using_DataProvider" name="admin_login" time="5.286">
    <system-out>
      <![CDATA[valid credentialsdashboard   http://orangehrm.qedgetech.com/symfony/web/index.php/dashboard]]>
    </system-out>
  </testcase> <!-- admin_login -->
  <testcase classname="Mar12.Using_DataProvider" name="admin_login" time="5.710">
    <system-out>
      <![CDATA[valid credentialsdashboard   http://orangehrm.qedgetech.com/symfony/web/index.php/dashboard]]>
    </system-out>
  </testcase> <!-- admin_login -->
  <testcase classname="Mar12.Using_DataProvider" name="admin_login" time="3.386">
    <system-out>
      <![CDATA[Invalid credentialsdashboard   http://orangehrm.qedgetech.com/symfony/web/index.php/auth/login]]>
    </system-out>
  </testcase> <!-- admin_login -->
  <testcase classname="Mar12.Using_DataProvider" name="admin_login" time="3.563">
    <system-out>
      <![CDATA[Invalid credentialsdashboard   http://orangehrm.qedgetech.com/symfony/web/index.php/auth/validateCredentials]]>
    </system-out>
  </testcase> <!-- admin_login -->
  <testcase classname="Mar12.Using_DataProvider" name="admin_login" time="3.519">
    <system-out>
      <![CDATA[Invalid credentialsdashboard   http://orangehrm.qedgetech.com/symfony/web/index.php/auth/validateCredentials]]>
    </system-out>
  </testcase> <!-- admin_login -->
  <testcase classname="Mar12.Using_DataProvider" name="admin_login" time="3.949">
    <system-out>
      <![CDATA[Invalid credentialsdashboard   http://orangehrm.qedgetech.com/symfony/web/index.php/auth/validateCredentials]]>
    </system-out>
  </testcase> <!-- admin_login -->
  <testcase classname="Mar12.Using_DataProvider" name="admin_login" time="3.635">
    <system-out>
      <![CDATA[Invalid credentialsdashboard   http://orangehrm.qedgetech.com/symfony/web/index.php/auth/validateCredentials]]>
    </system-out>
  </testcase> <!-- admin_login -->
  <testcase classname="Mar12.Using_DataProvider" name="admin_login" time="3.800">
    <system-out>
      <![CDATA[Invalid credentialsdashboard   http://orangehrm.qedgetech.com/symfony/web/index.php/auth/validateCredentials]]>
    </system-out>
  </testcase> <!-- admin_login -->
  <testcase classname="Mar12.Using_DataProvider" name="admin_login" time="3.414">
    <system-out>
      <![CDATA[Invalid credentialsdashboard   http://orangehrm.qedgetech.com/symfony/web/index.php/auth/login]]>
    </system-out>
  </testcase> <!-- admin_login -->
  <testcase classname="Mar12.Using_DataProvider" name="admin_login" time="5.638">
    <system-out>
      <![CDATA[valid credentialsdashboard   http://orangehrm.qedgetech.com/symfony/web/index.php/dashboard]]>
    </system-out>
  </testcase> <!-- admin_login -->
  <system-out>
    <![CDATA[valid credentialsdashboard   http://orangehrm.qedgetech.com/symfony/web/index.php/dashboard
Invalid credentialsdashboard   http://orangehrm.qedgetech.com/symfony/web/index.php/auth/validateCredentials
Invalid credentialsdashboard   http://orangehrm.qedgetech.com/symfony/web/index.php/auth/validateCredentials
Invalid credentialsdashboard   http://orangehrm.qedgetech.com/symfony/web/index.php/auth/login
Invalid credentialsdashboard   http://orangehrm.qedgetech.com/symfony/web/index.php/auth/login
valid credentialsdashboard   http://orangehrm.qedgetech.com/symfony/web/index.php/dashboard
Invalid credentialsdashboard   http://orangehrm.qedgetech.com/symfony/web/index.php/auth/validateCredentials
Invalid credentialsdashboard   http://orangehrm.qedgetech.com/symfony/web/index.php/auth/validateCredentials
Invalid credentialsdashboard   http://orangehrm.qedgetech.com/symfony/web/index.php/auth/login
Invalid credentialsdashboard   http://orangehrm.qedgetech.com/symfony/web/index.php/auth/login
valid credentialsdashboard   http://orangehrm.qedgetech.com/symfony/web/index.php/dashboard
Invalid credentialsdashboard   http://orangehrm.qedgetech.com/symfony/web/index.php/auth/validateCredentials
Invalid credentialsdashboard   http://orangehrm.qedgetech.com/symfony/web/index.php/auth/validateCredentials
Invalid credentialsdashboard   http://orangehrm.qedgetech.com/symfony/web/index.php/auth/login
Invalid credentialsdashboard   http://orangehrm.qedgetech.com/symfony/web/index.php/auth/login]]>
  </system-out>
</testsuite> <!-- Mar12.Using_DataProvider -->
