<?xml version="1.0" encoding="UTF-8"?>
<!-- Generated by org.testng.reporters.JUnitXMLReporter -->
<testsuite ignored="0" hostname="DESKTOP-CS36N4C" failures="0" tests="3" name="ProjectReport1" time="13.442" errors="0" timestamp="2026-05-04T16:15:25 IST">
  <testcase classname="Mar10.FirstTestNgclass" name="admin" time="1.701"/>
  <testcase classname="Mar10.FirstTestNgclass" name="leave" time="0.75"/>
  <testcase classname="Mar10.FirstTestNgclass" name="pim" time="1.139"/>
</testsuite> <!-- ProjectReport1 -->
