<?xml version="1.0" encoding="UTF-8"?>
<!-- Generated by org.testng.reporters.JUnitXMLReporter -->
<testsuite ignored="1" hostname="DESKTOP-CS36N4C" failures="0" tests="6" name="ProjectReport2" time="17.696" errors="0" timestamp="2026-05-04T16:15:43 IST">
  <testcase classname="Mar10.Second_TestNgclass" name="substraction" time="0.669"/>
  <testcase classname="Mar10.Second_TestNgclass" name="substraction" time="0.587"/>
  <testcase classname="Mar10.Second_TestNgclass" name="substraction" time="0.475"/>
  <testcase classname="Mar10.Second_TestNgclass" name="substraction" time="0.632"/>
  <testcase classname="Mar10.Second_TestNgclass" name="substraction" time="0.572"/>
  <testcase classname="Mar10.Second_TestNgclass" name="addition" time="0.476"/>
  <testcase classname="Mar10.Second_TestNgclass" name="division" time="0.0">
    <ignored/>
  </testcase> <!-- division -->
</testsuite> <!-- ProjectReport2 -->
